<?xml version="1.0" encoding="UTF-8"?>
<robot generator="Robot 6.1.1 (Python 3.13.0 on darwin)" generated="20241126 21:59:40.389" rpa="false" schemaversion="4">
<suite id="s1" name="Tests" source="/Users/elisaautonen/Desktop/opiskelu/ohjelmistotuotanto/ohtu2/osa3/login-robot/src/tests">
<suite id="s1-s1" name="Login" source="/Users/elisaautonen/Desktop/opiskelu/ohjelmistotuotanto/ohtu2/osa3/login-robot/src/tests/login.robot">
<test id="s1-s1-t1" name="Login With Correct Credentials" line="6">
<kw name="Create User And Input Login Command" type="SETUP">
<kw name="Create User" library="AppLibrary">
<arg>kalle</arg>
<arg>kalle123</arg>
<status status="PASS" starttime="20241126 21:59:40.404" endtime="20241126 21:59:40.404"/>
</kw>
<kw name="Input Login Command" library="resource">
<kw name="Input" library="AppLibrary">
<arg>login</arg>
<status status="PASS" starttime="20241126 21:59:40.404" endtime="20241126 21:59:40.404"/>
</kw>
<status status="PASS" starttime="20241126 21:59:40.404" endtime="20241126 21:59:40.404"/>
</kw>
<status status="PASS" starttime="20241126 21:59:40.404" endtime="20241126 21:59:40.404"/>
</kw>
<kw name="Input Credentials" library="resource">
<arg>kalle</arg>
<arg>kalle123</arg>
<kw name="Input" library="AppLibrary">
<arg>${username}</arg>
<status status="PASS" starttime="20241126 21:59:40.404" endtime="20241126 21:59:40.404"/>
</kw>
<kw name="Input" library="AppLibrary">
<arg>${password}</arg>
<status status="PASS" starttime="20241126 21:59:40.404" endtime="20241126 21:59:40.404"/>
</kw>
<kw name="Run Application" library="AppLibrary">
<status status="PASS" starttime="20241126 21:59:40.404" endtime="20241126 21:59:40.404"/>
</kw>
<status status="PASS" starttime="20241126 21:59:40.404" endtime="20241126 21:59:40.404"/>
</kw>
<kw name="Output Should Contain" library="AppLibrary">
<arg>Logged in</arg>
<status status="PASS" starttime="20241126 21:59:40.404" endtime="20241126 21:59:40.405"/>
</kw>
<status status="PASS" starttime="20241126 21:59:40.404" endtime="20241126 21:59:40.405"/>
</test>
<test id="s1-s1-t2" name="Login With Incorrect Password" line="16">
<kw name="Create User And Input Login Command" type="SETUP">
<kw name="Create User" library="AppLibrary">
<arg>kalle</arg>
<arg>kalle123</arg>
<status status="PASS" starttime="20241126 21:59:40.405" endtime="20241126 21:59:40.405"/>
</kw>
<kw name="Input Login Command" library="resource">
<kw name="Input" library="AppLibrary">
<arg>login</arg>
<status status="PASS" starttime="20241126 21:59:40.405" endtime="20241126 21:59:40.405"/>
</kw>
<status status="PASS" starttime="20241126 21:59:40.405" endtime="20241126 21:59:40.405"/>
</kw>
<status status="PASS" starttime="20241126 21:59:40.405" endtime="20241126 21:59:40.405"/>
</kw>
<kw name="Input Credentials" library="resource">
<arg>kalle</arg>
<arg>kalle111</arg>
<kw name="Input" library="AppLibrary">
<arg>${username}</arg>
<status status="PASS" starttime="20241126 21:59:40.405" endtime="20241126 21:59:40.405"/>
</kw>
<kw name="Input" library="AppLibrary">
<arg>${password}</arg>
<status status="PASS" starttime="20241126 21:59:40.405" endtime="20241126 21:59:40.405"/>
</kw>
<kw name="Run Application" library="AppLibrary">
<status status="PASS" starttime="20241126 21:59:40.405" endtime="20241126 21:59:40.405"/>
</kw>
<status status="PASS" starttime="20241126 21:59:40.405" endtime="20241126 21:59:40.405"/>
</kw>
<kw name="Output Should Contain" library="AppLibrary">
<arg>Invalid username or password</arg>
<status status="PASS" starttime="20241126 21:59:40.405" endtime="20241126 21:59:40.405"/>
</kw>
<status status="PASS" starttime="20241126 21:59:40.405" endtime="20241126 21:59:40.405"/>
</test>
<test id="s1-s1-t3" name="Login With Nonexistent Username" line="22">
<kw name="Create User And Input Login Command" type="SETUP">
<kw name="Create User" library="AppLibrary">
<arg>kalle</arg>
<arg>kalle123</arg>
<status status="PASS" starttime="20241126 21:59:40.406" endtime="20241126 21:59:40.406"/>
</kw>
<kw name="Input Login Command" library="resource">
<kw name="Input" library="AppLibrary">
<arg>login</arg>
<status status="PASS" starttime="20241126 21:59:40.406" endtime="20241126 21:59:40.406"/>
</kw>
<status status="PASS" starttime="20241126 21:59:40.406" endtime="20241126 21:59:40.406"/>
</kw>
<status status="PASS" starttime="20241126 21:59:40.405" endtime="20241126 21:59:40.406"/>
</kw>
<kw name="Input Credentials" library="resource">
<arg>matti</arg>
<arg>matti123</arg>
<kw name="Input" library="AppLibrary">
<arg>${username}</arg>
<status status="PASS" starttime="20241126 21:59:40.406" endtime="20241126 21:59:40.406"/>
</kw>
<kw name="Input" library="AppLibrary">
<arg>${password}</arg>
<status status="PASS" starttime="20241126 21:59:40.406" endtime="20241126 21:59:40.406"/>
</kw>
<kw name="Run Application" library="AppLibrary">
<status status="PASS" starttime="20241126 21:59:40.406" endtime="20241126 21:59:40.406"/>
</kw>
<status status="PASS" starttime="20241126 21:59:40.406" endtime="20241126 21:59:40.406"/>
</kw>
<kw name="Output Should Contain" library="AppLibrary">
<arg>Invalid username or password</arg>
<status status="PASS" starttime="20241126 21:59:40.406" endtime="20241126 21:59:40.406"/>
</kw>
<status status="PASS" starttime="20241126 21:59:40.405" endtime="20241126 21:59:40.406"/>
</test>
<status status="PASS" starttime="20241126 21:59:40.401" endtime="20241126 21:59:40.406"/>
</suite>
<status status="PASS" starttime="20241126 21:59:40.390" endtime="20241126 21:59:40.406"/>
</suite>
<statistics>
<total>
<stat pass="3" fail="0" skip="0">All Tests</stat>
</total>
<tag>
</tag>
<suite>
<stat pass="3" fail="0" skip="0" id="s1" name="Tests">Tests</stat>
<stat pass="3" fail="0" skip="0" id="s1-s1" name="Login">Tests.Login</stat>
</suite>
</statistics>
<errors>
</errors>
</robot>
