<?xml version="1.0" encoding="UTF-8"?>
<robot generator="Robot 6.1.1 (Python 3.13.0 on darwin)" generated="20241126 23:34:33.616" rpa="false" schemaversion="4">
<suite id="s1" name="Tests" source="/Users/elisaautonen/Desktop/opiskelu/ohjelmistotuotanto/ohtu2/osa3/login-robot/src/tests">
<suite id="s1-s1" name="Login" source="/Users/elisaautonen/Desktop/opiskelu/ohjelmistotuotanto/ohtu2/osa3/login-robot/src/tests/login.robot">
<test id="s1-s1-t1" name="Login With Correct Credentials" line="6">
<kw name="Create User And Input Login Command" type="SETUP">
<kw name="Create User" library="AppLibrary">
<arg>kalle</arg>
<arg>kalle123</arg>
<status status="PASS" starttime="20241126 23:34:33.632" endtime="20241126 23:34:33.632"/>
</kw>
<kw name="Input Login Command" library="resource">
<kw name="Input" library="AppLibrary">
<arg>login</arg>
<status status="PASS" starttime="20241126 23:34:33.632" endtime="20241126 23:34:33.632"/>
</kw>
<status status="PASS" starttime="20241126 23:34:33.632" endtime="20241126 23:34:33.632"/>
</kw>
<status status="PASS" starttime="20241126 23:34:33.632" endtime="20241126 23:34:33.632"/>
</kw>
<kw name="Input Credentials" library="resource">
<arg>kalle</arg>
<arg>kalle123</arg>
<kw name="Input" library="AppLibrary">
<arg>${username}</arg>
<status status="PASS" starttime="20241126 23:34:33.632" endtime="20241126 23:34:33.632"/>
</kw>
<kw name="Input" library="AppLibrary">
<arg>${password}</arg>
<status status="PASS" starttime="20241126 23:34:33.632" endtime="20241126 23:34:33.632"/>
</kw>
<kw name="Run Application" library="AppLibrary">
<status status="PASS" starttime="20241126 23:34:33.632" endtime="20241126 23:34:33.632"/>
</kw>
<status status="PASS" starttime="20241126 23:34:33.632" endtime="20241126 23:34:33.632"/>
</kw>
<kw name="Output Should Contain" library="AppLibrary">
<arg>Logged in</arg>
<status status="PASS" starttime="20241126 23:34:33.632" endtime="20241126 23:34:33.633"/>
</kw>
<status status="PASS" starttime="20241126 23:34:33.632" endtime="20241126 23:34:33.633"/>
</test>
<test id="s1-s1-t2" name="Login With Incorrect Password" line="16">
<kw name="Create User And Input Login Command" type="SETUP">
<kw name="Create User" library="AppLibrary">
<arg>kalle</arg>
<arg>kalle123</arg>
<status status="PASS" starttime="20241126 23:34:33.633" endtime="20241126 23:34:33.633"/>
</kw>
<kw name="Input Login Command" library="resource">
<kw name="Input" library="AppLibrary">
<arg>login</arg>
<status status="PASS" starttime="20241126 23:34:33.633" endtime="20241126 23:34:33.633"/>
</kw>
<status status="PASS" starttime="20241126 23:34:33.633" endtime="20241126 23:34:33.633"/>
</kw>
<status status="PASS" starttime="20241126 23:34:33.633" endtime="20241126 23:34:33.633"/>
</kw>
<kw name="Input Credentials" library="resource">
<arg>kalle</arg>
<arg>kalle111</arg>
<kw name="Input" library="AppLibrary">
<arg>${username}</arg>
<status status="PASS" starttime="20241126 23:34:33.633" endtime="20241126 23:34:33.633"/>
</kw>
<kw name="Input" library="AppLibrary">
<arg>${password}</arg>
<status status="PASS" starttime="20241126 23:34:33.633" endtime="20241126 23:34:33.633"/>
</kw>
<kw name="Run Application" library="AppLibrary">
<status status="PASS" starttime="20241126 23:34:33.633" endtime="20241126 23:34:33.633"/>
</kw>
<status status="PASS" starttime="20241126 23:34:33.633" endtime="20241126 23:34:33.633"/>
</kw>
<kw name="Output Should Contain" library="AppLibrary">
<arg>Invalid username or password</arg>
<status status="PASS" starttime="20241126 23:34:33.633" endtime="20241126 23:34:33.633"/>
</kw>
<status status="PASS" starttime="20241126 23:34:33.633" endtime="20241126 23:34:33.633"/>
</test>
<test id="s1-s1-t3" name="Login With Nonexistent Username" line="22">
<kw name="Create User And Input Login Command" type="SETUP">
<kw name="Create User" library="AppLibrary">
<arg>kalle</arg>
<arg>kalle123</arg>
<status status="PASS" starttime="20241126 23:34:33.634" endtime="20241126 23:34:33.634"/>
</kw>
<kw name="Input Login Command" library="resource">
<kw name="Input" library="AppLibrary">
<arg>login</arg>
<status status="PASS" starttime="20241126 23:34:33.634" endtime="20241126 23:34:33.634"/>
</kw>
<status status="PASS" starttime="20241126 23:34:33.634" endtime="20241126 23:34:33.634"/>
</kw>
<status status="PASS" starttime="20241126 23:34:33.633" endtime="20241126 23:34:33.634"/>
</kw>
<kw name="Input Credentials" library="resource">
<arg>matti</arg>
<arg>matti123</arg>
<kw name="Input" library="AppLibrary">
<arg>${username}</arg>
<status status="PASS" starttime="20241126 23:34:33.634" endtime="20241126 23:34:33.634"/>
</kw>
<kw name="Input" library="AppLibrary">
<arg>${password}</arg>
<status status="PASS" starttime="20241126 23:34:33.634" endtime="20241126 23:34:33.634"/>
</kw>
<kw name="Run Application" library="AppLibrary">
<status status="PASS" starttime="20241126 23:34:33.634" endtime="20241126 23:34:33.634"/>
</kw>
<status status="PASS" starttime="20241126 23:34:33.634" endtime="20241126 23:34:33.634"/>
</kw>
<kw name="Output Should Contain" library="AppLibrary">
<arg>Invalid username or password</arg>
<status status="PASS" starttime="20241126 23:34:33.634" endtime="20241126 23:34:33.634"/>
</kw>
<status status="PASS" starttime="20241126 23:34:33.633" endtime="20241126 23:34:33.634"/>
</test>
<status status="PASS" starttime="20241126 23:34:33.628" endtime="20241126 23:34:33.634"/>
</suite>
<suite id="s1-s2" name="Register" source="/Users/elisaautonen/Desktop/opiskelu/ohjelmistotuotanto/ohtu2/osa3/login-robot/src/tests/register.robot">
<test id="s1-s2-t1" name="Register With Valid Username And Password" line="2">
<kw name="Input Credentials">
<arg>kille</arg>
<arg>kille123</arg>
<msg timestamp="20241126 23:34:33.636" level="FAIL">No keyword with name 'Input Credentials' found.</msg>
<status status="FAIL" starttime="20241126 23:34:33.636" endtime="20241126 23:34:33.636"/>
</kw>
<kw name="Output Should Contain">
<arg>Logged in</arg>
<status status="NOT RUN" starttime="20241126 23:34:33.636" endtime="20241126 23:34:33.636"/>
</kw>
<status status="FAIL" starttime="20241126 23:34:33.635" endtime="20241126 23:34:33.636">No keyword with name 'Input Credentials' found.</status>
</test>
<status status="FAIL" starttime="20241126 23:34:33.634" endtime="20241126 23:34:33.636"/>
</suite>
<status status="FAIL" starttime="20241126 23:34:33.617" endtime="20241126 23:34:33.636"/>
</suite>
<statistics>
<total>
<stat pass="3" fail="1" skip="0">All Tests</stat>
</total>
<tag>
</tag>
<suite>
<stat pass="3" fail="1" skip="0" id="s1" name="Tests">Tests</stat>
<stat pass="3" fail="0" skip="0" id="s1-s1" name="Login">Tests.Login</stat>
<stat pass="0" fail="1" skip="0" id="s1-s2" name="Register">Tests.Register</stat>
</suite>
</statistics>
<errors>
</errors>
</robot>
